[2017-04-24 13:08:34] production.ERROR: exception 'Symfony\Component\Debug\Exception\FatalErrorException' with message 'Class 'Weidner\Goutte\GoutteServiceProvider' not found' in /var/www/html/icho/vendor/laravel/framework/src/Illuminate/Foundation/ProviderRepository.php:146
Stack trace:
#0 {main}  
[2017-04-24 16:24:07] production.ERROR: exception 'PDOException' with message 'SQLSTATE[HY000] [1045] Access denied for user 'root'@'localhost' (using password: YES)' in /var/www/html/icho/vendor/laravel/framework/src/Illuminate/Database/Connectors/Connector.php:55
Stack trace:
#0 /var/www/html/icho/vendor/laravel/framework/src/Illuminate/Database/Connectors/Connector.php(55): PDO->__construct('mysql:host=127....', 'root', 'tuenhi1908', Array)
#1 /var/www/html/icho/vendor/laravel/framework/src/Illuminate/Database/Connectors/MySqlConnector.php(24): Illuminate\Database\Connectors\Connector->createConnection('mysql:host=127....', Array, Array)
#2 /var/www/html/icho/bootstrap/cache/compiled.php(11845): Illuminate\Database\Connectors\MySqlConnector->connect(Array)
#3 [internal function]: Illuminate\Database\Connectors\ConnectionFactory->Illuminate\Database\Connectors\{closure}()
#4 /var/www/html/icho/vendor/laravel/framework/src/Illuminate/Database/Connection.php(924): call_user_func(Object(Closure))
#5 /var/www/html/icho/vendor/laravel/framework/src/Illuminate/Database/Connection.php(792): Illuminate\Database\Connection->getPdo()
#6 /var/www/html/icho/vendor/laravel/framework/src/Illuminate/Database/Connection.php(677): Illuminate\Database\Connection->reconnectIfMissingConnection()
#7 /var/www/html/icho/vendor/laravel/framework/src/Illuminate/Database/Connection.php(349): Illuminate\Database\Connection->run('select * from `...', Array, Object(Closure))
#8 /var/www/html/icho/vendor/laravel/framework/src/Illuminate/Database/Query/Builder.php(1610): Illuminate\Database\Connection->select('select * from `...', Array, true)
#9 /var/www/html/icho/vendor/laravel/framework/src/Illuminate/Database/Query/Builder.php(1596): Illuminate\Database\Query\Builder->runSelect()
#10 /var/www/html/icho/vendor/laravel/framework/src/Illuminate/Database/Eloquent/Builder.php(625): Illuminate\Database\Query\Builder->get(Array)
#11 /var/www/html/icho/vendor/laravel/framework/src/Illuminate/Database/Eloquent/Builder.php(316): Illuminate\Database\Eloquent\Builder->getModels(Array)
#12 /var/www/html/icho/app/Http/Controllers/Frontend/HomeController.php(72): Illuminate\Database\Eloquent\Builder->get()
#13 [internal function]: App\Http\Controllers\Frontend\HomeController->index(Object(Illuminate\Http\Request))
#14 /var/www/html/icho/bootstrap/cache/compiled.php(9424): call_user_func_array(Array, Array)
#15 /var/www/html/icho/bootstrap/cache/compiled.php(9486): Illuminate\Routing\Controller->callAction('index', Array)
#16 /var/www/html/icho/bootstrap/cache/compiled.php(9466): Illuminate\Routing\ControllerDispatcher->call(Object(App\Http\Controllers\Frontend\HomeController), Object(Illuminate\Routing\Route), 'index')
#17 [internal function]: Illuminate\Routing\ControllerDispatcher->Illuminate\Routing\{closure}(Object(Illuminate\Http\Request))
#18 /var/www/html/icho/vendor/laravel/framework/src/Illuminate/Routing/Pipeline.php(52): call_user_func(Object(Closure), Object(Illuminate\Http\Request))
#19 [internal function]: Illuminate\Routing\Pipeline->Illuminate\Routing\{closure}(Object(Illuminate\Http\Request))
#20 /var/www/html/icho/bootstrap/cache/compiled.php(9948): call_user_func(Object(Closure), Object(Illuminate\Http\Request))
#21 /var/www/html/icho/bootstrap/cache/compiled.php(9467): Illuminate\Pipeline\Pipeline->then(Object(Closure))
#22 /var/www/html/icho/bootstrap/cache/compiled.php(9454): Illuminate\Routing\ControllerDispatcher->callWithinStack(Object(App\Http\Controllers\Frontend\HomeController), Object(Illuminate\Routing\Route), Object(Illuminate\Http\Request), 'index')
#23 /var/www/html/icho/bootstrap/cache/compiled.php(8524): Illuminate\Routing\ControllerDispatcher->dispatch(Object(Illuminate\Routing\Route), Object(Illuminate\Http\Request), 'App\\Http\\Contro...', 'index')
#24 /var/www/html/icho/bootstrap/cache/compiled.php(8511): Illuminate\Routing\Route->runController(Object(Illuminate\Http\Request))
#25 /var/www/html/icho/bootstrap/cache/compiled.php(8225): Illuminate\Routing\Route->run(Object(Illuminate\Http\Request))
#26 [internal function]: Illuminate\Routing\Router->Illuminate\Routing\{closure}(Object(Illuminate\Http\Request))
#27 /var/www/html/icho/vendor/laravel/framework/src/Illuminate/Routing/Pipeline.php(52): call_user_func(Object(Closure), Object(Illuminate\Http\Request))
#28 /var/www/html/icho/bootstrap/cache/compiled.php(3225): Illuminate\Routing\Pipeline->Illuminate\Routing\{closure}(Object(Illuminate\Http\Request))
#29 [internal function]: Illuminate\Foundation\Http\Middleware\VerifyCsrfToken->handle(Object(Illuminate\Http\Request), Object(Closure))
#30 /var/www/html/icho/bootstrap/cache/compiled.php(9963): call_user_func_array(Array, Array)
#31 [internal function]: Illuminate\Pipeline\Pipeline->Illuminate\Pipeline\{closure}(Object(Illuminate\Http\Request))
#32 /var/www/html/icho/vendor/laravel/framework/src/Illuminate/Routing/Pipeline.php(32): call_user_func(Object(Closure), Object(Illuminate\Http\Request))
#33 /var/www/html/icho/bootstrap/cache/compiled.php(13474): Illuminate\Routing\Pipeline->Illuminate\Routing\{closure}(Object(Illuminate\Http\Request))
#34 [internal function]: Illuminate\View\Middleware\ShareErrorsFromSession->handle(Object(Illuminate\Http\Request), Object(Closure))
#35 /var/www/html/icho/bootstrap/cache/compiled.php(9963): call_user_func_array(Array, Array)
#36 [internal function]: Illuminate\Pipeline\Pipeline->Illuminate\Pipeline\{closure}(Object(Illuminate\Http\Request))
#37 /var/www/html/icho/vendor/laravel/framework/src/Illuminate/Routing/Pipeline.php(32): call_user_func(Object(Closure), Object(Illuminate\Http\Request))
#38 /var/www/html/icho/bootstrap/cache/compiled.php(11964): Illuminate\Routing\Pipeline->Illuminate\Routing\{closure}(Object(Illuminate\Http\Request))
#39 [internal function]: Illuminate\Session\Middleware\StartSession->handle(Object(Illuminate\Http\Request), Object(Closure))
#40 /var/www/html/icho/bootstrap/cache/compiled.php(9963): call_user_func_array(Array, Array)
#41 [internal function]: Illuminate\Pipeline\Pipeline->Illuminate\Pipeline\{closure}(Object(Illuminate\Http\Request))
#42 /var/www/html/icho/vendor/laravel/framework/src/Illuminate/Routing/Pipeline.php(32): call_user_func(Object(Closure), Object(Illuminate\Http\Request))
#43 /var/www/html/icho/bootstrap/cache/compiled.php(13213): Illuminate\Routing\Pipeline->Illuminate\Routing\{closure}(Object(Illuminate\Http\Request))
#44 [internal function]: Illuminate\Cookie\Middleware\AddQueuedCookiesToResponse->handle(Object(Illuminate\Http\Request), Object(Closure))
#45 /var/www/html/icho/bootstrap/cache/compiled.php(9963): call_user_func_array(Array, Array)
#46 [internal function]: Illuminate\Pipeline\Pipeline->Illuminate\Pipeline\{closure}(Object(Illuminate\Http\Request))
#47 /var/www/html/icho/vendor/laravel/framework/src/Illuminate/Routing/Pipeline.php(32): call_user_func(Object(Closure), Object(Illuminate\Http\Request))
#48 /var/www/html/icho/bootstrap/cache/compiled.php(13150): Illuminate\Routing\Pipeline->Illuminate\Routing\{closure}(Object(Illuminate\Http\Request))
#49 [internal function]: Illuminate\Cookie\Middleware\EncryptCookies->handle(Object(Illuminate\Http\Request), Object(Closure))
#50 /var/www/html/icho/bootstrap/cache/compiled.php(9963): call_user_func_array(Array, Array)
#51 [internal function]: Illuminate\Pipeline\Pipeline->Illuminate\Pipeline\{closure}(Object(Illuminate\Http\Request))
#52 /var/www/html/icho/vendor/laravel/framework/src/Illuminate/Routing/Pipeline.php(32): call_user_func(Object(Closure), Object(Illuminate\Http\Request))
#53 [internal function]: Illuminate\Routing\Pipeline->Illuminate\Routing\{closure}(Object(Illuminate\Http\Request))
#54 /var/www/html/icho/bootstrap/cache/compiled.php(9948): call_user_func(Object(Closure), Object(Illuminate\Http\Request))
#55 /var/www/html/icho/bootstrap/cache/compiled.php(8226): Illuminate\Pipeline\Pipeline->then(Object(Closure))
#56 /var/www/html/icho/bootstrap/cache/compiled.php(8217): Illuminate\Routing\Router->runRouteWithinStack(Object(Illuminate\Routing\Route), Object(Illuminate\Http\Request))
#57 /var/www/html/icho/bootstrap/cache/compiled.php(8207): Illuminate\Routing\Router->dispatchToRoute(Object(Illuminate\Http\Request))
#58 /var/www/html/icho/bootstrap/cache/compiled.php(2419): Illuminate\Routing\Router->dispatch(Object(Illuminate\Http\Request))
#59 [internal function]: Illuminate\Foundation\Http\Kernel->Illuminate\Foundation\Http\{closure}(Object(Illuminate\Http\Request))
#60 /var/www/html/icho/vendor/laravel/framework/src/Illuminate/Routing/Pipeline.php(52): call_user_func(Object(Closure), Object(Illuminate\Http\Request))
#61 /var/www/html/icho/bootstrap/cache/compiled.php(3286): Illuminate\Routing\Pipeline->Illuminate\Routing\{closure}(Object(Illuminate\Http\Request))
#62 [internal function]: Illuminate\Foundation\Http\Middleware\CheckForMaintenanceMode->handle(Object(Illuminate\Http\Request), Object(Closure))
#63 /var/www/html/icho/bootstrap/cache/compiled.php(9963): call_user_func_array(Array, Array)
#64 [internal function]: Illuminate\Pipeline\Pipeline->Illuminate\Pipeline\{closure}(Object(Illuminate\Http\Request))
#65 /var/www/html/icho/vendor/laravel/framework/src/Illuminate/Routing/Pipeline.php(32): call_user_func(Object(Closure), Object(Illuminate\Http\Request))
#66 [internal function]: Illuminate\Routing\Pipeline->Illuminate\Routing\{closure}(Object(Illuminate\Http\Request))
#67 /var/www/html/icho/bootstrap/cache/compiled.php(9948): call_user_func(Object(Closure), Object(Illuminate\Http\Request))
#68 /var/www/html/icho/bootstrap/cache/compiled.php(2366): Illuminate\Pipeline\Pipeline->then(Object(Closure))
#69 /var/www/html/icho/bootstrap/cache/compiled.php(2350): Illuminate\Foundation\Http\Kernel->sendRequestThroughRouter(Object(Illuminate\Http\Request))
#70 /var/www/html/icho/public/index.php(53): Illuminate\Foundation\Http\Kernel->handle(Object(Illuminate\Http\Request))
#71 {main}  
[2017-04-24 16:24:25] production.ERROR: exception 'InvalidArgumentException' with message 'Please provide a valid cache path.' in /var/www/html/icho/bootstrap/cache/compiled.php:15403
Stack trace:
#0 /var/www/html/icho/bootstrap/cache/compiled.php(7880): Illuminate\View\Compilers\Compiler->__construct(Object(Illuminate\Filesystem\Filesystem), false)
#1 /var/www/html/icho/bootstrap/cache/compiled.php(1353): Illuminate\View\ViewServiceProvider->Illuminate\View\{closure}(Object(Illuminate\Foundation\Application), Array)
#2 /var/www/html/icho/bootstrap/cache/compiled.php(1309): Illuminate\Container\Container->build(Object(Closure), Array)
#3 /var/www/html/icho/bootstrap/cache/compiled.php(1874): Illuminate\Container\Container->make('blade.compiler', Array)
#4 /var/www/html/icho/bootstrap/cache/compiled.php(1556): Illuminate\Foundation\Application->make('blade.compiler')
#5 /var/www/html/icho/bootstrap/cache/compiled.php(7883): Illuminate\Container\Container->offsetGet('blade.compiler')
#6 [internal function]: Illuminate\View\ViewServiceProvider->Illuminate\View\{closure}()
#7 /var/www/html/icho/bootstrap/cache/compiled.php(14403): call_user_func(Object(Closure))
#8 /var/www/html/icho/bootstrap/cache/compiled.php(14640): Illuminate\View\Engines\EngineResolver->resolve('blade')
#9 /var/www/html/icho/bootstrap/cache/compiled.php(14580): Illuminate\View\Factory->getEngineFromPath('/var/www/html/i...')
#10 /var/www/html/icho/vendor/laravel/framework/src/Illuminate/Foundation/helpers.php(779): Illuminate\View\Factory->make('frontend.home.i...', Array, Array)
#11 /var/www/html/icho/app/Http/Controllers/Frontend/HomeController.php(117): view('frontend.home.i...', Array)
#12 [internal function]: App\Http\Controllers\Frontend\HomeController->index(Object(Illuminate\Http\Request))
#13 /var/www/html/icho/bootstrap/cache/compiled.php(9424): call_user_func_array(Array, Array)
#14 /var/www/html/icho/bootstrap/cache/compiled.php(9486): Illuminate\Routing\Controller->callAction('index', Array)
#15 /var/www/html/icho/bootstrap/cache/compiled.php(9466): Illuminate\Routing\ControllerDispatcher->call(Object(App\Http\Controllers\Frontend\HomeController), Object(Illuminate\Routing\Route), 'index')
#16 [internal function]: Illuminate\Routing\ControllerDispatcher->Illuminate\Routing\{closure}(Object(Illuminate\Http\Request))
#17 /var/www/html/icho/vendor/laravel/framework/src/Illuminate/Routing/Pipeline.php(52): call_user_func(Object(Closure), Object(Illuminate\Http\Request))
#18 [internal function]: Illuminate\Routing\Pipeline->Illuminate\Routing\{closure}(Object(Illuminate\Http\Request))
#19 /var/www/html/icho/bootstrap/cache/compiled.php(9948): call_user_func(Object(Closure), Object(Illuminate\Http\Request))
#20 /var/www/html/icho/bootstrap/cache/compiled.php(9467): Illuminate\Pipeline\Pipeline->then(Object(Closure))
#21 /var/www/html/icho/bootstrap/cache/compiled.php(9454): Illuminate\Routing\ControllerDispatcher->callWithinStack(Object(App\Http\Controllers\Frontend\HomeController), Object(Illuminate\Routing\Route), Object(Illuminate\Http\Request), 'index')
#22 /var/www/html/icho/bootstrap/cache/compiled.php(8524): Illuminate\Routing\ControllerDispatcher->dispatch(Object(Illuminate\Routing\Route), Object(Illuminate\Http\Request), 'App\\Http\\Contro...', 'index')
#23 /var/www/html/icho/bootstrap/cache/compiled.php(8511): Illuminate\Routing\Route->runController(Object(Illuminate\Http\Request))
#24 /var/www/html/icho/bootstrap/cache/compiled.php(8225): Illuminate\Routing\Route->run(Object(Illuminate\Http\Request))
#25 [internal function]: Illuminate\Routing\Router->Illuminate\Routing\{closure}(Object(Illuminate\Http\Request))
#26 /var/www/html/icho/vendor/laravel/framework/src/Illuminate/Routing/Pipeline.php(52): call_user_func(Object(Closure), Object(Illuminate\Http\Request))
#27 /var/www/html/icho/bootstrap/cache/compiled.php(3225): Illuminate\Routing\Pipeline->Illuminate\Routing\{closure}(Object(Illuminate\Http\Request))
#28 [internal function]: Illuminate\Foundation\Http\Middleware\VerifyCsrfToken->handle(Object(Illuminate\Http\Request), Object(Closure))
#29 /var/www/html/icho/bootstrap/cache/compiled.php(9963): call_user_func_array(Array, Array)
#30 [internal function]: Illuminate\Pipeline\Pipeline->Illuminate\Pipeline\{closure}(Object(Illuminate\Http\Request))
#31 /var/www/html/icho/vendor/laravel/framework/src/Illuminate/Routing/Pipeline.php(32): call_user_func(Object(Closure), Object(Illuminate\Http\Request))
#32 /var/www/html/icho/bootstrap/cache/compiled.php(13474): Illuminate\Routing\Pipeline->Illuminate\Routing\{closure}(Object(Illuminate\Http\Request))
#33 [internal function]: Illuminate\View\Middleware\ShareErrorsFromSession->handle(Object(Illuminate\Http\Request), Object(Closure))
#34 /var/www/html/icho/bootstrap/cache/compiled.php(9963): call_user_func_array(Array, Array)
#35 [internal function]: Illuminate\Pipeline\Pipeline->Illuminate\Pipeline\{closure}(Object(Illuminate\Http\Request))
#36 /var/www/html/icho/vendor/laravel/framework/src/Illuminate/Routing/Pipeline.php(32): call_user_func(Object(Closure), Object(Illuminate\Http\Request))
#37 /var/www/html/icho/bootstrap/cache/compiled.php(11964): Illuminate\Routing\Pipeline->Illuminate\Routing\{closure}(Object(Illuminate\Http\Request))
#38 [internal function]: Illuminate\Session\Middleware\StartSession->handle(Object(Illuminate\Http\Request), Object(Closure))
#39 /var/www/html/icho/bootstrap/cache/compiled.php(9963): call_user_func_array(Array, Array)
#40 [internal function]: Illuminate\Pipeline\Pipeline->Illuminate\Pipeline\{closure}(Object(Illuminate\Http\Request))
#41 /var/www/html/icho/vendor/laravel/framework/src/Illuminate/Routing/Pipeline.php(32): call_user_func(Object(Closure), Object(Illuminate\Http\Request))
#42 /var/www/html/icho/bootstrap/cache/compiled.php(13213): Illuminate\Routing\Pipeline->Illuminate\Routing\{closure}(Object(Illuminate\Http\Request))
#43 [internal function]: Illuminate\Cookie\Middleware\AddQueuedCookiesToResponse->handle(Object(Illuminate\Http\Request), Object(Closure))
#44 /var/www/html/icho/bootstrap/cache/compiled.php(9963): call_user_func_array(Array, Array)
#45 [internal function]: Illuminate\Pipeline\Pipeline->Illuminate\Pipeline\{closure}(Object(Illuminate\Http\Request))
#46 /var/www/html/icho/vendor/laravel/framework/src/Illuminate/Routing/Pipeline.php(32): call_user_func(Object(Closure), Object(Illuminate\Http\Request))
#47 /var/www/html/icho/bootstrap/cache/compiled.php(13150): Illuminate\Routing\Pipeline->Illuminate\Routing\{closure}(Object(Illuminate\Http\Request))
#48 [internal function]: Illuminate\Cookie\Middleware\EncryptCookies->handle(Object(Illuminate\Http\Request), Object(Closure))
#49 /var/www/html/icho/bootstrap/cache/compiled.php(9963): call_user_func_array(Array, Array)
#50 [internal function]: Illuminate\Pipeline\Pipeline->Illuminate\Pipeline\{closure}(Object(Illuminate\Http\Request))
#51 /var/www/html/icho/vendor/laravel/framework/src/Illuminate/Routing/Pipeline.php(32): call_user_func(Object(Closure), Object(Illuminate\Http\Request))
#52 [internal function]: Illuminate\Routing\Pipeline->Illuminate\Routing\{closure}(Object(Illuminate\Http\Request))
#53 /var/www/html/icho/bootstrap/cache/compiled.php(9948): call_user_func(Object(Closure), Object(Illuminate\Http\Request))
#54 /var/www/html/icho/bootstrap/cache/compiled.php(8226): Illuminate\Pipeline\Pipeline->then(Object(Closure))
#55 /var/www/html/icho/bootstrap/cache/compiled.php(8217): Illuminate\Routing\Router->runRouteWithinStack(Object(Illuminate\Routing\Route), Object(Illuminate\Http\Request))
#56 /var/www/html/icho/bootstrap/cache/compiled.php(8207): Illuminate\Routing\Router->dispatchToRoute(Object(Illuminate\Http\Request))
#57 /var/www/html/icho/bootstrap/cache/compiled.php(2419): Illuminate\Routing\Router->dispatch(Object(Illuminate\Http\Request))
#58 [internal function]: Illuminate\Foundation\Http\Kernel->Illuminate\Foundation\Http\{closure}(Object(Illuminate\Http\Request))
#59 /var/www/html/icho/vendor/laravel/framework/src/Illuminate/Routing/Pipeline.php(52): call_user_func(Object(Closure), Object(Illuminate\Http\Request))
#60 /var/www/html/icho/bootstrap/cache/compiled.php(3286): Illuminate\Routing\Pipeline->Illuminate\Routing\{closure}(Object(Illuminate\Http\Request))
#61 [internal function]: Illuminate\Foundation\Http\Middleware\CheckForMaintenanceMode->handle(Object(Illuminate\Http\Request), Object(Closure))
#62 /var/www/html/icho/bootstrap/cache/compiled.php(9963): call_user_func_array(Array, Array)
#63 [internal function]: Illuminate\Pipeline\Pipeline->Illuminate\Pipeline\{closure}(Object(Illuminate\Http\Request))
#64 /var/www/html/icho/vendor/laravel/framework/src/Illuminate/Routing/Pipeline.php(32): call_user_func(Object(Closure), Object(Illuminate\Http\Request))
#65 [internal function]: Illuminate\Routing\Pipeline->Illuminate\Routing\{closure}(Object(Illuminate\Http\Request))
#66 /var/www/html/icho/bootstrap/cache/compiled.php(9948): call_user_func(Object(Closure), Object(Illuminate\Http\Request))
#67 /var/www/html/icho/bootstrap/cache/compiled.php(2366): Illuminate\Pipeline\Pipeline->then(Object(Closure))
#68 /var/www/html/icho/bootstrap/cache/compiled.php(2350): Illuminate\Foundation\Http\Kernel->sendRequestThroughRouter(Object(Illuminate\Http\Request))
#69 /var/www/html/icho/public/index.php(53): Illuminate\Foundation\Http\Kernel->handle(Object(Illuminate\Http\Request))
#70 {main}  
[2017-04-24 16:24:44] production.ERROR: exception 'InvalidArgumentException' with message 'Please provide a valid cache path.' in /var/www/html/icho/bootstrap/cache/compiled.php:15403
Stack trace:
#0 /var/www/html/icho/bootstrap/cache/compiled.php(7880): Illuminate\View\Compilers\Compiler->__construct(Object(Illuminate\Filesystem\Filesystem), false)
#1 /var/www/html/icho/bootstrap/cache/compiled.php(1353): Illuminate\View\ViewServiceProvider->Illuminate\View\{closure}(Object(Illuminate\Foundation\Application), Array)
#2 /var/www/html/icho/bootstrap/cache/compiled.php(1309): Illuminate\Container\Container->build(Object(Closure), Array)
#3 /var/www/html/icho/bootstrap/cache/compiled.php(1874): Illuminate\Container\Container->make('blade.compiler', Array)
#4 /var/www/html/icho/bootstrap/cache/compiled.php(1556): Illuminate\Foundation\Application->make('blade.compiler')
#5 /var/www/html/icho/bootstrap/cache/compiled.php(7883): Illuminate\Container\Container->offsetGet('blade.compiler')
#6 [internal function]: Illuminate\View\ViewServiceProvider->Illuminate\View\{closure}()
#7 /var/www/html/icho/bootstrap/cache/compiled.php(14403): call_user_func(Object(Closure))
#8 /var/www/html/icho/bootstrap/cache/compiled.php(14640): Illuminate\View\Engines\EngineResolver->resolve('blade')
#9 /var/www/html/icho/bootstrap/cache/compiled.php(14580): Illuminate\View\Factory->getEngineFromPath('/var/www/html/i...')
#10 /var/www/html/icho/vendor/laravel/framework/src/Illuminate/Foundation/helpers.php(779): Illuminate\View\Factory->make('frontend.home.i...', Array, Array)
#11 /var/www/html/icho/app/Http/Controllers/Frontend/HomeController.php(117): view('frontend.home.i...', Array)
#12 [internal function]: App\Http\Controllers\Frontend\HomeController->index(Object(Illuminate\Http\Request))
#13 /var/www/html/icho/bootstrap/cache/compiled.php(9424): call_user_func_array(Array, Array)
#14 /var/www/html/icho/bootstrap/cache/compiled.php(9486): Illuminate\Routing\Controller->callAction('index', Array)
#15 /var/www/html/icho/bootstrap/cache/compiled.php(9466): Illuminate\Routing\ControllerDispatcher->call(Object(App\Http\Controllers\Frontend\HomeController), Object(Illuminate\Routing\Route), 'index')
#16 [internal function]: Illuminate\Routing\ControllerDispatcher->Illuminate\Routing\{closure}(Object(Illuminate\Http\Request))
#17 /var/www/html/icho/vendor/laravel/framework/src/Illuminate/Routing/Pipeline.php(52): call_user_func(Object(Closure), Object(Illuminate\Http\Request))
#18 [internal function]: Illuminate\Routing\Pipeline->Illuminate\Routing\{closure}(Object(Illuminate\Http\Request))
#19 /var/www/html/icho/bootstrap/cache/compiled.php(9948): call_user_func(Object(Closure), Object(Illuminate\Http\Request))
#20 /var/www/html/icho/bootstrap/cache/compiled.php(9467): Illuminate\Pipeline\Pipeline->then(Object(Closure))
#21 /var/www/html/icho/bootstrap/cache/compiled.php(9454): Illuminate\Routing\ControllerDispatcher->callWithinStack(Object(App\Http\Controllers\Frontend\HomeController), Object(Illuminate\Routing\Route), Object(Illuminate\Http\Request), 'index')
#22 /var/www/html/icho/bootstrap/cache/compiled.php(8524): Illuminate\Routing\ControllerDispatcher->dispatch(Object(Illuminate\Routing\Route), Object(Illuminate\Http\Request), 'App\\Http\\Contro...', 'index')
#23 /var/www/html/icho/bootstrap/cache/compiled.php(8511): Illuminate\Routing\Route->runController(Object(Illuminate\Http\Request))
#24 /var/www/html/icho/bootstrap/cache/compiled.php(8225): Illuminate\Routing\Route->run(Object(Illuminate\Http\Request))
#25 [internal function]: Illuminate\Routing\Router->Illuminate\Routing\{closure}(Object(Illuminate\Http\Request))
#26 /var/www/html/icho/vendor/laravel/framework/src/Illuminate/Routing/Pipeline.php(52): call_user_func(Object(Closure), Object(Illuminate\Http\Request))
#27 /var/www/html/icho/bootstrap/cache/compiled.php(3225): Illuminate\Routing\Pipeline->Illuminate\Routing\{closure}(Object(Illuminate\Http\Request))
#28 [internal function]: Illuminate\Foundation\Http\Middleware\VerifyCsrfToken->handle(Object(Illuminate\Http\Request), Object(Closure))
#29 /var/www/html/icho/bootstrap/cache/compiled.php(9963): call_user_func_array(Array, Array)
#30 [internal function]: Illuminate\Pipeline\Pipeline->Illuminate\Pipeline\{closure}(Object(Illuminate\Http\Request))
#31 /var/www/html/icho/vendor/laravel/framework/src/Illuminate/Routing/Pipeline.php(32): call_user_func(Object(Closure), Object(Illuminate\Http\Request))
#32 /var/www/html/icho/bootstrap/cache/compiled.php(13474): Illuminate\Routing\Pipeline->Illuminate\Routing\{closure}(Object(Illuminate\Http\Request))
#33 [internal function]: Illuminate\View\Middleware\ShareErrorsFromSession->handle(Object(Illuminate\Http\Request), Object(Closure))
#34 /var/www/html/icho/bootstrap/cache/compiled.php(9963): call_user_func_array(Array, Array)
#35 [internal function]: Illuminate\Pipeline\Pipeline->Illuminate\Pipeline\{closure}(Object(Illuminate\Http\Request))
#36 /var/www/html/icho/vendor/laravel/framework/src/Illuminate/Routing/Pipeline.php(32): call_user_func(Object(Closure), Object(Illuminate\Http\Request))
#37 /var/www/html/icho/bootstrap/cache/compiled.php(11964): Illuminate\Routing\Pipeline->Illuminate\Routing\{closure}(Object(Illuminate\Http\Request))
#38 [internal function]: Illuminate\Session\Middleware\StartSession->handle(Object(Illuminate\Http\Request), Object(Closure))
#39 /var/www/html/icho/bootstrap/cache/compiled.php(9963): call_user_func_array(Array, Array)
#40 [internal function]: Illuminate\Pipeline\Pipeline->Illuminate\Pipeline\{closure}(Object(Illuminate\Http\Request))
#41 /var/www/html/icho/vendor/laravel/framework/src/Illuminate/Routing/Pipeline.php(32): call_user_func(Object(Closure), Object(Illuminate\Http\Request))
#42 /var/www/html/icho/bootstrap/cache/compiled.php(13213): Illuminate\Routing\Pipeline->Illuminate\Routing\{closure}(Object(Illuminate\Http\Request))
#43 [internal function]: Illuminate\Cookie\Middleware\AddQueuedCookiesToResponse->handle(Object(Illuminate\Http\Request), Object(Closure))
#44 /var/www/html/icho/bootstrap/cache/compiled.php(9963): call_user_func_array(Array, Array)
#45 [internal function]: Illuminate\Pipeline\Pipeline->Illuminate\Pipeline\{closure}(Object(Illuminate\Http\Request))
#46 /var/www/html/icho/vendor/laravel/framework/src/Illuminate/Routing/Pipeline.php(32): call_user_func(Object(Closure), Object(Illuminate\Http\Request))
#47 /var/www/html/icho/bootstrap/cache/compiled.php(13150): Illuminate\Routing\Pipeline->Illuminate\Routing\{closure}(Object(Illuminate\Http\Request))
#48 [internal function]: Illuminate\Cookie\Middleware\EncryptCookies->handle(Object(Illuminate\Http\Request), Object(Closure))
#49 /var/www/html/icho/bootstrap/cache/compiled.php(9963): call_user_func_array(Array, Array)
#50 [internal function]: Illuminate\Pipeline\Pipeline->Illuminate\Pipeline\{closure}(Object(Illuminate\Http\Request))
#51 /var/www/html/icho/vendor/laravel/framework/src/Illuminate/Routing/Pipeline.php(32): call_user_func(Object(Closure), Object(Illuminate\Http\Request))
#52 [internal function]: Illuminate\Routing\Pipeline->Illuminate\Routing\{closure}(Object(Illuminate\Http\Request))
#53 /var/www/html/icho/bootstrap/cache/compiled.php(9948): call_user_func(Object(Closure), Object(Illuminate\Http\Request))
#54 /var/www/html/icho/bootstrap/cache/compiled.php(8226): Illuminate\Pipeline\Pipeline->then(Object(Closure))
#55 /var/www/html/icho/bootstrap/cache/compiled.php(8217): Illuminate\Routing\Router->runRouteWithinStack(Object(Illuminate\Routing\Route), Object(Illuminate\Http\Request))
#56 /var/www/html/icho/bootstrap/cache/compiled.php(8207): Illuminate\Routing\Router->dispatchToRoute(Object(Illuminate\Http\Request))
#57 /var/www/html/icho/bootstrap/cache/compiled.php(2419): Illuminate\Routing\Router->dispatch(Object(Illuminate\Http\Request))
#58 [internal function]: Illuminate\Foundation\Http\Kernel->Illuminate\Foundation\Http\{closure}(Object(Illuminate\Http\Request))
#59 /var/www/html/icho/vendor/laravel/framework/src/Illuminate/Routing/Pipeline.php(52): call_user_func(Object(Closure), Object(Illuminate\Http\Request))
#60 /var/www/html/icho/bootstrap/cache/compiled.php(3286): Illuminate\Routing\Pipeline->Illuminate\Routing\{closure}(Object(Illuminate\Http\Request))
#61 [internal function]: Illuminate\Foundation\Http\Middleware\CheckForMaintenanceMode->handle(Object(Illuminate\Http\Request), Object(Closure))
#62 /var/www/html/icho/bootstrap/cache/compiled.php(9963): call_user_func_array(Array, Array)
#63 [internal function]: Illuminate\Pipeline\Pipeline->Illuminate\Pipeline\{closure}(Object(Illuminate\Http\Request))
#64 /var/www/html/icho/vendor/laravel/framework/src/Illuminate/Routing/Pipeline.php(32): call_user_func(Object(Closure), Object(Illuminate\Http\Request))
#65 [internal function]: Illuminate\Routing\Pipeline->Illuminate\Routing\{closure}(Object(Illuminate\Http\Request))
#66 /var/www/html/icho/bootstrap/cache/compiled.php(9948): call_user_func(Object(Closure), Object(Illuminate\Http\Request))
#67 /var/www/html/icho/bootstrap/cache/compiled.php(2366): Illuminate\Pipeline\Pipeline->then(Object(Closure))
#68 /var/www/html/icho/bootstrap/cache/compiled.php(2350): Illuminate\Foundation\Http\Kernel->sendRequestThroughRouter(Object(Illuminate\Http\Request))
#69 /var/www/html/icho/public/index.php(53): Illuminate\Foundation\Http\Kernel->handle(Object(Illuminate\Http\Request))
#70 {main}  
